# JRE version: Java(TM) SE Runtime Environment (8.0_51-b16) (build 1.8.0_51-b16)
# Java VM: Java HotSpot(TM) 64-Bit Server VM (25.51-b03 mixed mode windows-amd64 compressed oops)
Heap:
 garbage-first heap   total 5931008K, used 1037285K [0x0000000656000000, 0x00000006580005a8, 0x00000007c0000000)
  region size 32768K, 3 young (98304K), 1 survivors (32768K)
 Metaspace       used 81943K, capacity 83611K, committed 84096K, reserved 1120256K
  class space    used 12817K, capacity 13422K, committed 13440K, reserved 1048576K
GC Heap History (10 events):
Event: 45.172 GC heap before
{Heap before GC invocations=142 (full 0):
 garbage-first heap   total 5931008K, used 1072223K [0x0000000656000000, 0x00000006580005a8, 0x00000007c0000000)
  region size 32768K, 4 young (131072K), 1 survivors (32768K)
 Metaspace       used 79069K, capacity 80479K, committed 81024K, reserved 1118208K
  class space    used 12378K, capacity 12928K, committed 12928K, reserved 1048576K
Event: 45.184 GC heap after
Heap after GC invocations=143 (full 0):
 garbage-first heap   total 5931008K, used 982258K [0x0000000656000000, 0x00000006580005a8, 0x00000007c0000000)
  region size 32768K, 1 young (32768K), 1 survivors (32768K)
 Metaspace       used 79069K, capacity 80479K, committed 81024K, reserved 1118208K
  class space    used 12378K, capacity 12928K, committed 12928K, reserved 1048576K
}
Event: 45.681 GC heap before
{Heap before GC invocations=143 (full 0):
 garbage-first heap   total 5931008K, used 1080562K [0x0000000656000000, 0x00000006580005a8, 0x00000007c0000000)
  region size 32768K, 4 young (131072K), 1 survivors (32768K)
 Metaspace       used 80101K, capacity 81549K, committed 82048K, reserved 1118208K
  class space    used 12546K, capacity 13095K, committed 13184K, reserved 1048576K
Event: 45.702 GC heap after
Heap after GC invocations=144 (full 0):
 garbage-first heap   total 5931008K, used 983556K [0x0000000656000000, 0x00000006580005a8, 0x00000007c0000000)
  region size 32768K, 1 young (32768K), 1 survivors (32768K)
 Metaspace       used 80101K, capacity 81549K, committed 82048K, reserved 1118208K
  class space    used 12546K, capacity 13095K, committed 13184K, reserved 1048576K
}
Event: 46.337 GC heap before
{Heap before GC invocations=144 (full 0):
 garbage-first heap   total 5931008K, used 1081860K [0x0000000656000000, 0x00000006580005a8, 0x00000007c0000000)
  region size 32768K, 4 young (131072K), 1 survivors (32768K)
 Metaspace       used 81024K, capacity 82645K, committed 83072K, reserved 1118208K
  class space    used 12730K, capacity 13345K, committed 13440K, reserved 1048576K
Event: 46.367 GC heap after
Heap after GC invocations=145 (full 0):
 garbage-first heap   total 5931008K, used 988981K [0x0000000656000000, 0x00000006580005a8, 0x00000007c0000000)
  region size 32768K, 1 young (32768K), 1 survivors (32768K)
 Metaspace       used 81024K, capacity 82645K, committed 83072K, reserved 1118208K
  class space    used 12730K, capacity 13345K, committed 13440K, reserved 1048576K
}
Event: 47.780 GC heap before
{Heap before GC invocations=145 (full 0):
 garbage-first heap   total 5931008K, used 1087285K [0x0000000656000000, 0x00000006580005a8, 0x00000007c0000000)
  region size 32768K, 4 young (131072K), 1 survivors (32768K)
 Metaspace       used 81208K, capacity 82781K, committed 83328K, reserved 1120256K
  class space    used 12745K, capacity 13347K, committed 13440K, reserved 1048576K
Event: 47.793 GC heap after
Heap after GC invocations=146 (full 0):
 garbage-first heap   total 5931008K, used 983452K [0x0000000656000000, 0x00000006580005a8, 0x00000007c0000000)
  region size 32768K, 1 young (32768K), 1 survivors (32768K)
 Metaspace       used 81208K, capacity 82781K, committed 83328K, reserved 1120256K
  class space    used 12745K, capacity 13347K, committed 13440K, reserved 1048576K
}
Event: 48.083 GC heap before
{Heap before GC invocations=146 (full 0):
 garbage-first heap   total 5931008K, used 1081756K [0x0000000656000000, 0x00000006580005a8, 0x00000007c0000000)
  region size 32768K, 4 young (131072K), 1 survivors (32768K)
 Metaspace       used 81649K, capacity 83289K, committed 83840K, reserved 1120256K
  class space    used 12795K, capacity 13383K, committed 13440K, reserved 1048576K
Event: 48.102 GC heap after
Heap after GC invocations=147 (full 0):
 garbage-first heap   total 5931008K, used 1004517K [0x0000000656000000, 0x00000006580005a8, 0x00000007c0000000)
  region size 32768K, 1 young (32768K), 1 survivors (32768K)
 Metaspace       used 81649K, capacity 83289K, committed 83840K, reserved 1120256K
  class space    used 12795K, capacity 13383K, committed 13440K, reserved 1048576K
}

